
--- EXECUTION TRACE ---

PC: 00000000 SP: 0000270f A: 00000000 B: 00000000 ldc 4096
PC: 00000001 SP: 0000270f A: 00001000 B: 00000000 a2sp 0
PC: 00000002 SP: 00001000 A: 00000000 B: 00000000 ldc 5
PC: 00000003 SP: 00001000 A: 00000005 B: 00000000 stl 0
PC: 00000004 SP: 00001000 A: 00000000 B: 00000000 ldl 0
PC: 00000005 SP: 00001000 A: 00000005 B: 00000000 adc -1
PC: 00000006 SP: 00001000 A: 00000004 B: 00000000 stl 0
PC: 00000007 SP: 00001000 A: 00000000 B: 00000000 ldl 0
PC: 00000008 SP: 00001000 A: 00000004 B: 00000000 brz 32
PC: 00000009 SP: 00001000 A: 00000004 B: 00000000 ldl 0
PC: 0000000a SP: 00001000 A: 00000004 B: 00000004 stl 1
PC: 0000000b SP: 00001000 A: 00000004 B: 00000004 ldc 42
PC: 0000000c SP: 00001000 A: 0000002a B: 00000004 stl 2
PC: 0000000d SP: 00001000 A: 00000004 B: 00000004 ldl 2
PC: 0000000e SP: 00001000 A: 0000002a B: 00000004 ldnl 0
PC: 0000000f SP: 00001000 A: 00000036 B: 00000004 stl 3
PC: 00000010 SP: 00001000 A: 00000004 B: 00000004 ldl 2
PC: 00000011 SP: 00001000 A: 0000002a B: 00000004 adc 1
PC: 00000012 SP: 00001000 A: 0000002b B: 00000004 ldnl 0
PC: 00000013 SP: 00001000 A: 0000000c B: 00000004 stl 4
PC: 00000014 SP: 00001000 A: 00000004 B: 00000004 ldl 4
PC: 00000015 SP: 00001000 A: 0000000c B: 00000004 ldl 3
PC: 00000016 SP: 00001000 A: 00000036 B: 0000000c sub 0
PC: 00000017 SP: 00001000 A: ffffffd6 B: 0000000c brlz 1
PC: 00000019 SP: 00001000 A: ffffffd6 B: 0000000c ldl 4
PC: 0000001a SP: 00001000 A: 0000000c B: ffffffd6 ldl 2
PC: 0000001b SP: 00001000 A: 0000002a B: 0000000c stnl 0
PC: 0000001c SP: 00001000 A: 0000002a B: 0000000c ldl 3
PC: 0000001d SP: 00001000 A: 00000036 B: 0000002a ldl 2
PC: 0000001e SP: 00001000 A: 0000002a B: 00000036 adc 1
PC: 0000001f SP: 00001000 A: 0000002b B: 00000036 stnl 0
PC: 00000020 SP: 00001000 A: 0000002b B: 00000036 ldl 2
PC: 00000021 SP: 00001000 A: 0000002a B: 0000002b adc 1
PC: 00000022 SP: 00001000 A: 0000002b B: 0000002b stl 2
PC: 00000023 SP: 00001000 A: 0000002b B: 0000002b ldl 1
PC: 00000024 SP: 00001000 A: 00000004 B: 0000002b adc -1
PC: 00000025 SP: 00001000 A: 00000003 B: 0000002b stl 1
PC: 00000026 SP: 00001000 A: 0000002b B: 0000002b ldl 1
PC: 00000027 SP: 00001000 A: 00000003 B: 0000002b brz -36
PC: 00000028 SP: 00001000 A: 00000003 B: 0000002b br -28
PC: 0000000d SP: 00001000 A: 00000003 B: 0000002b ldl 2
PC: 0000000e SP: 00001000 A: 0000002b B: 00000003 ldnl 0
PC: 0000000f SP: 00001000 A: 00000036 B: 00000003 stl 3
PC: 00000010 SP: 00001000 A: 00000003 B: 00000003 ldl 2
PC: 00000011 SP: 00001000 A: 0000002b B: 00000003 adc 1
PC: 00000012 SP: 00001000 A: 0000002c B: 00000003 ldnl 0
PC: 00000013 SP: 00001000 A: 00000059 B: 00000003 stl 4
PC: 00000014 SP: 00001000 A: 00000003 B: 00000003 ldl 4
PC: 00000015 SP: 00001000 A: 00000059 B: 00000003 ldl 3
PC: 00000016 SP: 00001000 A: 00000036 B: 00000059 sub 0
PC: 00000017 SP: 00001000 A: 00000023 B: 00000059 brlz 1
PC: 00000018 SP: 00001000 A: 00000023 B: 00000059 br 7
PC: 00000020 SP: 00001000 A: 00000023 B: 00000059 ldl 2
PC: 00000021 SP: 00001000 A: 0000002b B: 00000023 adc 1
PC: 00000022 SP: 00001000 A: 0000002c B: 00000023 stl 2
PC: 00000023 SP: 00001000 A: 00000023 B: 00000023 ldl 1
PC: 00000024 SP: 00001000 A: 00000003 B: 00000023 adc -1
PC: 00000025 SP: 00001000 A: 00000002 B: 00000023 stl 1
PC: 00000026 SP: 00001000 A: 00000023 B: 00000023 ldl 1
PC: 00000027 SP: 00001000 A: 00000002 B: 00000023 brz -36
PC: 00000028 SP: 00001000 A: 00000002 B: 00000023 br -28
PC: 0000000d SP: 00001000 A: 00000002 B: 00000023 ldl 2
PC: 0000000e SP: 00001000 A: 0000002c B: 00000002 ldnl 0
PC: 0000000f SP: 00001000 A: 00000059 B: 00000002 stl 3
PC: 00000010 SP: 00001000 A: 00000002 B: 00000002 ldl 2
PC: 00000011 SP: 00001000 A: 0000002c B: 00000002 adc 1
PC: 00000012 SP: 00001000 A: 0000002d B: 00000002 ldnl 0
PC: 00000013 SP: 00001000 A: 00000003 B: 00000002 stl 4
PC: 00000014 SP: 00001000 A: 00000002 B: 00000002 ldl 4
PC: 00000015 SP: 00001000 A: 00000003 B: 00000002 ldl 3
PC: 00000016 SP: 00001000 A: 00000059 B: 00000003 sub 0
PC: 00000017 SP: 00001000 A: ffffffaa B: 00000003 brlz 1
PC: 00000019 SP: 00001000 A: ffffffaa B: 00000003 ldl 4
PC: 0000001a SP: 00001000 A: 00000003 B: ffffffaa ldl 2
PC: 0000001b SP: 00001000 A: 0000002c B: 00000003 stnl 0
PC: 0000001c SP: 00001000 A: 0000002c B: 00000003 ldl 3
PC: 0000001d SP: 00001000 A: 00000059 B: 0000002c ldl 2
PC: 0000001e SP: 00001000 A: 0000002c B: 00000059 adc 1
PC: 0000001f SP: 00001000 A: 0000002d B: 00000059 stnl 0
PC: 00000020 SP: 00001000 A: 0000002d B: 00000059 ldl 2
PC: 00000021 SP: 00001000 A: 0000002c B: 0000002d adc 1
PC: 00000022 SP: 00001000 A: 0000002d B: 0000002d stl 2
PC: 00000023 SP: 00001000 A: 0000002d B: 0000002d ldl 1
PC: 00000024 SP: 00001000 A: 00000002 B: 0000002d adc -1
PC: 00000025 SP: 00001000 A: 00000001 B: 0000002d stl 1
PC: 00000026 SP: 00001000 A: 0000002d B: 0000002d ldl 1
PC: 00000027 SP: 00001000 A: 00000001 B: 0000002d brz -36
PC: 00000028 SP: 00001000 A: 00000001 B: 0000002d br -28
PC: 0000000d SP: 00001000 A: 00000001 B: 0000002d ldl 2
PC: 0000000e SP: 00001000 A: 0000002d B: 00000001 ldnl 0
PC: 0000000f SP: 00001000 A: 00000059 B: 00000001 stl 3
PC: 00000010 SP: 00001000 A: 00000001 B: 00000001 ldl 2
PC: 00000011 SP: 00001000 A: 0000002d B: 00000001 adc 1
PC: 00000012 SP: 00001000 A: 0000002e B: 00000001 ldnl 0
PC: 00000013 SP: 00001000 A: 00000016 B: 00000001 stl 4
PC: 00000014 SP: 00001000 A: 00000001 B: 00000001 ldl 4
PC: 00000015 SP: 00001000 A: 00000016 B: 00000001 ldl 3
PC: 00000016 SP: 00001000 A: 00000059 B: 00000016 sub 0
PC: 00000017 SP: 00001000 A: ffffffbd B: 00000016 brlz 1
PC: 00000019 SP: 00001000 A: ffffffbd B: 00000016 ldl 4
PC: 0000001a SP: 00001000 A: 00000016 B: ffffffbd ldl 2
PC: 0000001b SP: 00001000 A: 0000002d B: 00000016 stnl 0
PC: 0000001c SP: 00001000 A: 0000002d B: 00000016 ldl 3
PC: 0000001d SP: 00001000 A: 00000059 B: 0000002d ldl 2
PC: 0000001e SP: 00001000 A: 0000002d B: 00000059 adc 1
PC: 0000001f SP: 00001000 A: 0000002e B: 00000059 stnl 0
PC: 00000020 SP: 00001000 A: 0000002e B: 00000059 ldl 2
PC: 00000021 SP: 00001000 A: 0000002d B: 0000002e adc 1
PC: 00000022 SP: 00001000 A: 0000002e B: 0000002e stl 2
PC: 00000023 SP: 00001000 A: 0000002e B: 0000002e ldl 1
PC: 00000024 SP: 00001000 A: 00000001 B: 0000002e adc -1
PC: 00000025 SP: 00001000 A: 00000000 B: 0000002e stl 1
PC: 00000026 SP: 00001000 A: 0000002e B: 0000002e ldl 1
PC: 00000027 SP: 00001000 A: 00000000 B: 0000002e brz -36
PC: 00000004 SP: 00001000 A: 00000000 B: 0000002e ldl 0
PC: 00000005 SP: 00001000 A: 00000004 B: 00000000 adc -1
PC: 00000006 SP: 00001000 A: 00000003 B: 00000000 stl 0
PC: 00000007 SP: 00001000 A: 00000000 B: 00000000 ldl 0
PC: 00000008 SP: 00001000 A: 00000003 B: 00000000 brz 32
PC: 00000009 SP: 00001000 A: 00000003 B: 00000000 ldl 0
PC: 0000000a SP: 00001000 A: 00000003 B: 00000003 stl 1
PC: 0000000b SP: 00001000 A: 00000003 B: 00000003 ldc 42
PC: 0000000c SP: 00001000 A: 0000002a B: 00000003 stl 2
PC: 0000000d SP: 00001000 A: 00000003 B: 00000003 ldl 2
PC: 0000000e SP: 00001000 A: 0000002a B: 00000003 ldnl 0
PC: 0000000f SP: 00001000 A: 0000000c B: 00000003 stl 3
PC: 00000010 SP: 00001000 A: 00000003 B: 00000003 ldl 2
PC: 00000011 SP: 00001000 A: 0000002a B: 00000003 adc 1
PC: 00000012 SP: 00001000 A: 0000002b B: 00000003 ldnl 0
PC: 00000013 SP: 00001000 A: 00000036 B: 00000003 stl 4
PC: 00000014 SP: 00001000 A: 00000003 B: 00000003 ldl 4
PC: 00000015 SP: 00001000 A: 00000036 B: 00000003 ldl 3
PC: 00000016 SP: 00001000 A: 0000000c B: 00000036 sub 0
PC: 00000017 SP: 00001000 A: 0000002a B: 00000036 brlz 1
PC: 00000018 SP: 00001000 A: 0000002a B: 00000036 br 7
PC: 00000020 SP: 00001000 A: 0000002a B: 00000036 ldl 2
PC: 00000021 SP: 00001000 A: 0000002a B: 0000002a adc 1
PC: 00000022 SP: 00001000 A: 0000002b B: 0000002a stl 2
PC: 00000023 SP: 00001000 A: 0000002a B: 0000002a ldl 1
PC: 00000024 SP: 00001000 A: 00000003 B: 0000002a adc -1
PC: 00000025 SP: 00001000 A: 00000002 B: 0000002a stl 1
PC: 00000026 SP: 00001000 A: 0000002a B: 0000002a ldl 1
PC: 00000027 SP: 00001000 A: 00000002 B: 0000002a brz -36
PC: 00000028 SP: 00001000 A: 00000002 B: 0000002a br -28
PC: 0000000d SP: 00001000 A: 00000002 B: 0000002a ldl 2
PC: 0000000e SP: 00001000 A: 0000002b B: 00000002 ldnl 0
PC: 0000000f SP: 00001000 A: 00000036 B: 00000002 stl 3
PC: 00000010 SP: 00001000 A: 00000002 B: 00000002 ldl 2
PC: 00000011 SP: 00001000 A: 0000002b B: 00000002 adc 1
PC: 00000012 SP: 00001000 A: 0000002c B: 00000002 ldnl 0
PC: 00000013 SP: 00001000 A: 00000003 B: 00000002 stl 4
PC: 00000014 SP: 00001000 A: 00000002 B: 00000002 ldl 4
PC: 00000015 SP: 00001000 A: 00000003 B: 00000002 ldl 3
PC: 00000016 SP: 00001000 A: 00000036 B: 00000003 sub 0
PC: 00000017 SP: 00001000 A: ffffffcd B: 00000003 brlz 1
PC: 00000019 SP: 00001000 A: ffffffcd B: 00000003 ldl 4
PC: 0000001a SP: 00001000 A: 00000003 B: ffffffcd ldl 2
PC: 0000001b SP: 00001000 A: 0000002b B: 00000003 stnl 0
PC: 0000001c SP: 00001000 A: 0000002b B: 00000003 ldl 3
PC: 0000001d SP: 00001000 A: 00000036 B: 0000002b ldl 2
PC: 0000001e SP: 00001000 A: 0000002b B: 00000036 adc 1
PC: 0000001f SP: 00001000 A: 0000002c B: 00000036 stnl 0
PC: 00000020 SP: 00001000 A: 0000002c B: 00000036 ldl 2
PC: 00000021 SP: 00001000 A: 0000002b B: 0000002c adc 1
PC: 00000022 SP: 00001000 A: 0000002c B: 0000002c stl 2
PC: 00000023 SP: 00001000 A: 0000002c B: 0000002c ldl 1
PC: 00000024 SP: 00001000 A: 00000002 B: 0000002c adc -1
PC: 00000025 SP: 00001000 A: 00000001 B: 0000002c stl 1
PC: 00000026 SP: 00001000 A: 0000002c B: 0000002c ldl 1
PC: 00000027 SP: 00001000 A: 00000001 B: 0000002c brz -36
PC: 00000028 SP: 00001000 A: 00000001 B: 0000002c br -28
PC: 0000000d SP: 00001000 A: 00000001 B: 0000002c ldl 2
PC: 0000000e SP: 00001000 A: 0000002c B: 00000001 ldnl 0
PC: 0000000f SP: 00001000 A: 00000036 B: 00000001 stl 3
PC: 00000010 SP: 00001000 A: 00000001 B: 00000001 ldl 2
PC: 00000011 SP: 00001000 A: 0000002c B: 00000001 adc 1
PC: 00000012 SP: 00001000 A: 0000002d B: 00000001 ldnl 0
PC: 00000013 SP: 00001000 A: 00000016 B: 00000001 stl 4
PC: 00000014 SP: 00001000 A: 00000001 B: 00000001 ldl 4
PC: 00000015 SP: 00001000 A: 00000016 B: 00000001 ldl 3
PC: 00000016 SP: 00001000 A: 00000036 B: 00000016 sub 0
PC: 00000017 SP: 00001000 A: ffffffe0 B: 00000016 brlz 1
PC: 00000019 SP: 00001000 A: ffffffe0 B: 00000016 ldl 4
PC: 0000001a SP: 00001000 A: 00000016 B: ffffffe0 ldl 2
PC: 0000001b SP: 00001000 A: 0000002c B: 00000016 stnl 0
PC: 0000001c SP: 00001000 A: 0000002c B: 00000016 ldl 3
PC: 0000001d SP: 00001000 A: 00000036 B: 0000002c ldl 2
PC: 0000001e SP: 00001000 A: 0000002c B: 00000036 adc 1
PC: 0000001f SP: 00001000 A: 0000002d B: 00000036 stnl 0
PC: 00000020 SP: 00001000 A: 0000002d B: 00000036 ldl 2
PC: 00000021 SP: 00001000 A: 0000002c B: 0000002d adc 1
PC: 00000022 SP: 00001000 A: 0000002d B: 0000002d stl 2
PC: 00000023 SP: 00001000 A: 0000002d B: 0000002d ldl 1
PC: 00000024 SP: 00001000 A: 00000001 B: 0000002d adc -1
PC: 00000025 SP: 00001000 A: 00000000 B: 0000002d stl 1
PC: 00000026 SP: 00001000 A: 0000002d B: 0000002d ldl 1
PC: 00000027 SP: 00001000 A: 00000000 B: 0000002d brz -36
PC: 00000004 SP: 00001000 A: 00000000 B: 0000002d ldl 0
PC: 00000005 SP: 00001000 A: 00000003 B: 00000000 adc -1
PC: 00000006 SP: 00001000 A: 00000002 B: 00000000 stl 0
PC: 00000007 SP: 00001000 A: 00000000 B: 00000000 ldl 0
PC: 00000008 SP: 00001000 A: 00000002 B: 00000000 brz 32
PC: 00000009 SP: 00001000 A: 00000002 B: 00000000 ldl 0
PC: 0000000a SP: 00001000 A: 00000002 B: 00000002 stl 1
PC: 0000000b SP: 00001000 A: 00000002 B: 00000002 ldc 42
PC: 0000000c SP: 00001000 A: 0000002a B: 00000002 stl 2
PC: 0000000d SP: 00001000 A: 00000002 B: 00000002 ldl 2
PC: 0000000e SP: 00001000 A: 0000002a B: 00000002 ldnl 0
PC: 0000000f SP: 00001000 A: 0000000c B: 00000002 stl 3
PC: 00000010 SP: 00001000 A: 00000002 B: 00000002 ldl 2
PC: 00000011 SP: 00001000 A: 0000002a B: 00000002 adc 1
PC: 00000012 SP: 00001000 A: 0000002b B: 00000002 ldnl 0
PC: 00000013 SP: 00001000 A: 00000003 B: 00000002 stl 4
PC: 00000014 SP: 00001000 A: 00000002 B: 00000002 ldl 4
PC: 00000015 SP: 00001000 A: 00000003 B: 00000002 ldl 3
PC: 00000016 SP: 00001000 A: 0000000c B: 00000003 sub 0
PC: 00000017 SP: 00001000 A: fffffff7 B: 00000003 brlz 1
PC: 00000019 SP: 00001000 A: fffffff7 B: 00000003 ldl 4
PC: 0000001a SP: 00001000 A: 00000003 B: fffffff7 ldl 2
PC: 0000001b SP: 00001000 A: 0000002a B: 00000003 stnl 0
PC: 0000001c SP: 00001000 A: 0000002a B: 00000003 ldl 3
PC: 0000001d SP: 00001000 A: 0000000c B: 0000002a ldl 2
PC: 0000001e SP: 00001000 A: 0000002a B: 0000000c adc 1
PC: 0000001f SP: 00001000 A: 0000002b B: 0000000c stnl 0
PC: 00000020 SP: 00001000 A: 0000002b B: 0000000c ldl 2
PC: 00000021 SP: 00001000 A: 0000002a B: 0000002b adc 1
PC: 00000022 SP: 00001000 A: 0000002b B: 0000002b stl 2
PC: 00000023 SP: 00001000 A: 0000002b B: 0000002b ldl 1
PC: 00000024 SP: 00001000 A: 00000002 B: 0000002b adc -1
PC: 00000025 SP: 00001000 A: 00000001 B: 0000002b stl 1
PC: 00000026 SP: 00001000 A: 0000002b B: 0000002b ldl 1
PC: 00000027 SP: 00001000 A: 00000001 B: 0000002b brz -36
PC: 00000028 SP: 00001000 A: 00000001 B: 0000002b br -28
PC: 0000000d SP: 00001000 A: 00000001 B: 0000002b ldl 2
PC: 0000000e SP: 00001000 A: 0000002b B: 00000001 ldnl 0
PC: 0000000f SP: 00001000 A: 0000000c B: 00000001 stl 3
PC: 00000010 SP: 00001000 A: 00000001 B: 00000001 ldl 2
PC: 00000011 SP: 00001000 A: 0000002b B: 00000001 adc 1
PC: 00000012 SP: 00001000 A: 0000002c B: 00000001 ldnl 0
PC: 00000013 SP: 00001000 A: 00000016 B: 00000001 stl 4
PC: 00000014 SP: 00001000 A: 00000001 B: 00000001 ldl 4
PC: 00000015 SP: 00001000 A: 00000016 B: 00000001 ldl 3
PC: 00000016 SP: 00001000 A: 0000000c B: 00000016 sub 0
PC: 00000017 SP: 00001000 A: 0000000a B: 00000016 brlz 1
PC: 00000018 SP: 00001000 A: 0000000a B: 00000016 br 7
PC: 00000020 SP: 00001000 A: 0000000a B: 00000016 ldl 2
PC: 00000021 SP: 00001000 A: 0000002b B: 0000000a adc 1
PC: 00000022 SP: 00001000 A: 0000002c B: 0000000a stl 2
PC: 00000023 SP: 00001000 A: 0000000a B: 0000000a ldl 1
PC: 00000024 SP: 00001000 A: 00000001 B: 0000000a adc -1
PC: 00000025 SP: 00001000 A: 00000000 B: 0000000a stl 1
PC: 00000026 SP: 00001000 A: 0000000a B: 0000000a ldl 1
PC: 00000027 SP: 00001000 A: 00000000 B: 0000000a brz -36
PC: 00000004 SP: 00001000 A: 00000000 B: 0000000a ldl 0
PC: 00000005 SP: 00001000 A: 00000002 B: 00000000 adc -1
PC: 00000006 SP: 00001000 A: 00000001 B: 00000000 stl 0
PC: 00000007 SP: 00001000 A: 00000000 B: 00000000 ldl 0
PC: 00000008 SP: 00001000 A: 00000001 B: 00000000 brz 32
PC: 00000009 SP: 00001000 A: 00000001 B: 00000000 ldl 0
PC: 0000000a SP: 00001000 A: 00000001 B: 00000001 stl 1
PC: 0000000b SP: 00001000 A: 00000001 B: 00000001 ldc 42
PC: 0000000c SP: 00001000 A: 0000002a B: 00000001 stl 2
PC: 0000000d SP: 00001000 A: 00000001 B: 00000001 ldl 2
PC: 0000000e SP: 00001000 A: 0000002a B: 00000001 ldnl 0
PC: 0000000f SP: 00001000 A: 00000003 B: 00000001 stl 3
PC: 00000010 SP: 00001000 A: 00000001 B: 00000001 ldl 2
PC: 00000011 SP: 00001000 A: 0000002a B: 00000001 adc 1
PC: 00000012 SP: 00001000 A: 0000002b B: 00000001 ldnl 0
PC: 00000013 SP: 00001000 A: 0000000c B: 00000001 stl 4
PC: 00000014 SP: 00001000 A: 00000001 B: 00000001 ldl 4
PC: 00000015 SP: 00001000 A: 0000000c B: 00000001 ldl 3
PC: 00000016 SP: 00001000 A: 00000003 B: 0000000c sub 0
PC: 00000017 SP: 00001000 A: 00000009 B: 0000000c brlz 1
PC: 00000018 SP: 00001000 A: 00000009 B: 0000000c br 7
PC: 00000020 SP: 00001000 A: 00000009 B: 0000000c ldl 2
PC: 00000021 SP: 00001000 A: 0000002a B: 00000009 adc 1
PC: 00000022 SP: 00001000 A: 0000002b B: 00000009 stl 2
PC: 00000023 SP: 00001000 A: 00000009 B: 00000009 ldl 1
PC: 00000024 SP: 00001000 A: 00000001 B: 00000009 adc -1
PC: 00000025 SP: 00001000 A: 00000000 B: 00000009 stl 1
PC: 00000026 SP: 00001000 A: 00000009 B: 00000009 ldl 1
PC: 00000027 SP: 00001000 A: 00000000 B: 00000009 brz -36
PC: 00000004 SP: 00001000 A: 00000000 B: 00000009 ldl 0
PC: 00000005 SP: 00001000 A: 00000001 B: 00000000 adc -1
PC: 00000006 SP: 00001000 A: 00000000 B: 00000000 stl 0
PC: 00000007 SP: 00001000 A: 00000000 B: 00000000 ldl 0
PC: 00000008 SP: 00001000 A: 00000000 B: 00000000 brz 32
PC: 00000029 SP: 00001000 A: 00000000 B: 00000000 HALT 0
