00000000 00100000 ldc 0x1000
00000001 0000000b a2sp 
00000002 00000500 ldc 5
00000003 00000003 stl 0
         outerLoop:
00000004 00000002 ldl 0
00000005 ffffff01 adc -1
00000006 00000003 stl 0
00000007 00000002 ldl 0
00000008 0000200f brz done
00000009 00000002 ldl 0
0000000a 00000103 stl 1
0000000b 00002a00 ldc array
0000000c 00000203 stl 2
         innerLoop:
0000000d 00000202 ldl 2
0000000e 00000004 ldnl 0
0000000f 00000303 stl 3
00000010 00000202 ldl 2
00000011 00000101 adc 1
00000012 00000004 ldnl 0
00000013 00000403 stl 4
00000014 00000402 ldl 4
00000015 00000302 ldl 3
00000016 00000007 sub 
00000017 00000110 brlz swap
00000018 00000711 br noSwap
         swap:
00000019 00000402 ldl 4
0000001a 00000202 ldl 2
0000001b 00000005 stnl 0
0000001c 00000302 ldl 3
0000001d 00000202 ldl 2
0000001e 00000101 adc 1
0000001f 00000005 stnl 0
         noSwap:
00000020 00000202 ldl 2
00000021 00000101 adc 1
00000022 00000203 stl 2
00000023 00000102 ldl 1
00000024 ffffff01 adc -1
00000025 00000103 stl 1
00000026 00000102 ldl 1
00000027 ffffdc0f brz outerLoop
00000028 ffffe411 br innerLoop
         done:
00000029 00000012 HALT 
         array:
0000002a 00000036 data 54
0000002b 0000000c data 12
0000002c 00000059 data 89
0000002d 00000003 data 3
0000002e 00000016 data 22
