
--- EXECUTION TRACE ---

PC: 00000000 SP: 0000270f A: 00000000 B: 00000000 ldc 4096
PC: 00000001 SP: 0000270f A: 00001000 B: 00000000 a2sp 0
PC: 00000002 SP: 00001000 A: 00000000 B: 00000000 ldc 3
PC: 00000003 SP: 00001000 A: 00000003 B: 00000000 stl 0
PC: 00000004 SP: 00001000 A: 00000000 B: 00000000 ldc 23
PC: 00000005 SP: 00001000 A: 00000017 B: 00000000 stl 1
PC: 00000006 SP: 00001000 A: 00000000 B: 00000000 ldc 0
PC: 00000007 SP: 00001000 A: 00000000 B: 00000000 stl 2
PC: 00000008 SP: 00001000 A: 00000000 B: 00000000 ldl 0
PC: 00000009 SP: 00001000 A: 00000003 B: 00000000 brz 12
PC: 0000000a SP: 00001000 A: 00000003 B: 00000000 ldl 1
PC: 0000000b SP: 00001000 A: 00000017 B: 00000003 ldnl 0
PC: 0000000c SP: 00001000 A: 00000036 B: 00000003 ldl 2
PC: 0000000d SP: 00001000 A: 00000000 B: 00000036 add 0
PC: 0000000e SP: 00001000 A: 00000036 B: 00000036 stl 2
PC: 0000000f SP: 00001000 A: 00000036 B: 00000036 ldl 1
PC: 00000010 SP: 00001000 A: 00000017 B: 00000036 adc 1
PC: 00000011 SP: 00001000 A: 00000018 B: 00000036 stl 1
PC: 00000012 SP: 00001000 A: 00000036 B: 00000036 ldl 0
PC: 00000013 SP: 00001000 A: 00000003 B: 00000036 adc -1
PC: 00000014 SP: 00001000 A: 00000002 B: 00000036 stl 0
PC: 00000015 SP: 00001000 A: 00000036 B: 00000036 br -14
PC: 00000008 SP: 00001000 A: 00000036 B: 00000036 ldl 0
PC: 00000009 SP: 00001000 A: 00000002 B: 00000036 brz 12
PC: 0000000a SP: 00001000 A: 00000002 B: 00000036 ldl 1
PC: 0000000b SP: 00001000 A: 00000018 B: 00000002 ldnl 0
PC: 0000000c SP: 00001000 A: 0000000c B: 00000002 ldl 2
PC: 0000000d SP: 00001000 A: 00000036 B: 0000000c add 0
PC: 0000000e SP: 00001000 A: 00000042 B: 0000000c stl 2
PC: 0000000f SP: 00001000 A: 0000000c B: 0000000c ldl 1
PC: 00000010 SP: 00001000 A: 00000018 B: 0000000c adc 1
PC: 00000011 SP: 00001000 A: 00000019 B: 0000000c stl 1
PC: 00000012 SP: 00001000 A: 0000000c B: 0000000c ldl 0
PC: 00000013 SP: 00001000 A: 00000002 B: 0000000c adc -1
PC: 00000014 SP: 00001000 A: 00000001 B: 0000000c stl 0
PC: 00000015 SP: 00001000 A: 0000000c B: 0000000c br -14
PC: 00000008 SP: 00001000 A: 0000000c B: 0000000c ldl 0
PC: 00000009 SP: 00001000 A: 00000001 B: 0000000c brz 12
PC: 0000000a SP: 00001000 A: 00000001 B: 0000000c ldl 1
PC: 0000000b SP: 00001000 A: 00000019 B: 00000001 ldnl 0
PC: 0000000c SP: 00001000 A: 00000059 B: 00000001 ldl 2
PC: 0000000d SP: 00001000 A: 00000042 B: 00000059 add 0
PC: 0000000e SP: 00001000 A: 0000009b B: 00000059 stl 2
PC: 0000000f SP: 00001000 A: 00000059 B: 00000059 ldl 1
PC: 00000010 SP: 00001000 A: 00000019 B: 00000059 adc 1
PC: 00000011 SP: 00001000 A: 0000001a B: 00000059 stl 1
PC: 00000012 SP: 00001000 A: 00000059 B: 00000059 ldl 0
PC: 00000013 SP: 00001000 A: 00000001 B: 00000059 adc -1
PC: 00000014 SP: 00001000 A: 00000000 B: 00000059 stl 0
PC: 00000015 SP: 00001000 A: 00000059 B: 00000059 br -14
PC: 00000008 SP: 00001000 A: 00000059 B: 00000059 ldl 0
PC: 00000009 SP: 00001000 A: 00000000 B: 00000059 brz 12
PC: 00000016 SP: 00001000 A: 00000000 B: 00000059 HALT 0
