00000000 00100000 ldc 0x1000
00000001 0000000b a2sp 
00000002 00000300 ldc 3
00000003 00000003 stl 0
00000004 00001700 ldc array
00000005 00000103 stl 1
00000006 00000000 ldc 0
00000007 00000203 stl 2
         loop:
00000008 00000002 ldl 0
00000009 00000c0f brz done
0000000a 00000102 ldl 1
0000000b 00000004 ldnl 0
0000000c 00000202 ldl 2
0000000d 00000006 add 
0000000e 00000203 stl 2
0000000f 00000102 ldl 1
00000010 00000101 adc 1
00000011 00000103 stl 1
00000012 00000002 ldl 0
00000013 ffffff01 adc -1
00000014 00000003 stl 0
00000015 fffff211 br loop
         done:
00000016 00000012 HALT 
         array:
00000017 00000036 data 54
00000018 0000000c data 12
00000019 00000059 data 89
0000001a 00000003 data 3
0000001b 00000016 data 22
