
--- EXECUTION TRACE ---

PC: 00000000 SP: 0000270f A: 00000000 B: 00000000 ldc 38
PC: 00000001 SP: 0000270f A: 00000026 B: 00000000 ldnl 0
PC: 00000002 SP: 0000270f A: 00000018 B: 00000000 ldc 39
PC: 00000003 SP: 0000270f A: 00000027 B: 00000018 ldnl 0
PC: 00000004 SP: 0000270f A: 00000012 B: 00000018 stl 0
PC: 00000005 SP: 0000270f A: 00000018 B: 00000018 ldl 0
PC: 00000006 SP: 0000270f A: 00000012 B: 00000018 sub 0
PC: 00000007 SP: 0000270f A: 00000006 B: 00000018 brz 25
PC: 00000008 SP: 0000270f A: 00000006 B: 00000018 brlz 12
PC: 00000009 SP: 0000270f A: 00000006 B: 00000018 ldc 38
PC: 0000000a SP: 0000270f A: 00000026 B: 00000006 ldnl 0
PC: 0000000b SP: 0000270f A: 00000018 B: 00000006 ldc 39
PC: 0000000c SP: 0000270f A: 00000027 B: 00000018 ldnl 0
PC: 0000000d SP: 0000270f A: 00000012 B: 00000018 sub 0
PC: 0000000e SP: 0000270f A: 00000006 B: 00000018 ldc 38
PC: 0000000f SP: 0000270f A: 00000026 B: 00000006 stnl 0
PC: 00000010 SP: 0000270f A: 00000026 B: 00000006 ldc 38
PC: 00000011 SP: 0000270f A: 00000026 B: 00000026 ldnl 0
PC: 00000012 SP: 0000270f A: 00000006 B: 00000026 ldc 39
PC: 00000013 SP: 0000270f A: 00000027 B: 00000006 ldnl 0
PC: 00000014 SP: 0000270f A: 00000012 B: 00000006 br -17
PC: 00000004 SP: 0000270f A: 00000012 B: 00000006 stl 0
PC: 00000005 SP: 0000270f A: 00000006 B: 00000006 ldl 0
PC: 00000006 SP: 0000270f A: 00000012 B: 00000006 sub 0
PC: 00000007 SP: 0000270f A: fffffff4 B: 00000006 brz 25
PC: 00000008 SP: 0000270f A: fffffff4 B: 00000006 brlz 12
PC: 00000015 SP: 0000270f A: fffffff4 B: 00000006 ldc 39
PC: 00000016 SP: 0000270f A: 00000027 B: fffffff4 ldnl 0
PC: 00000017 SP: 0000270f A: 00000012 B: fffffff4 ldc 38
PC: 00000018 SP: 0000270f A: 00000026 B: 00000012 ldnl 0
PC: 00000019 SP: 0000270f A: 00000006 B: 00000012 sub 0
PC: 0000001a SP: 0000270f A: 0000000c B: 00000012 ldc 39
PC: 0000001b SP: 0000270f A: 00000027 B: 0000000c stnl 0
PC: 0000001c SP: 0000270f A: 00000027 B: 0000000c ldc 38
PC: 0000001d SP: 0000270f A: 00000026 B: 00000027 ldnl 0
PC: 0000001e SP: 0000270f A: 00000006 B: 00000027 ldc 39
PC: 0000001f SP: 0000270f A: 00000027 B: 00000006 ldnl 0
PC: 00000020 SP: 0000270f A: 0000000c B: 00000006 br -29
PC: 00000004 SP: 0000270f A: 0000000c B: 00000006 stl 0
PC: 00000005 SP: 0000270f A: 00000006 B: 00000006 ldl 0
PC: 00000006 SP: 0000270f A: 0000000c B: 00000006 sub 0
PC: 00000007 SP: 0000270f A: fffffffa B: 00000006 brz 25
PC: 00000008 SP: 0000270f A: fffffffa B: 00000006 brlz 12
PC: 00000015 SP: 0000270f A: fffffffa B: 00000006 ldc 39
PC: 00000016 SP: 0000270f A: 00000027 B: fffffffa ldnl 0
PC: 00000017 SP: 0000270f A: 0000000c B: fffffffa ldc 38
PC: 00000018 SP: 0000270f A: 00000026 B: 0000000c ldnl 0
PC: 00000019 SP: 0000270f A: 00000006 B: 0000000c sub 0
PC: 0000001a SP: 0000270f A: 00000006 B: 0000000c ldc 39
PC: 0000001b SP: 0000270f A: 00000027 B: 00000006 stnl 0
PC: 0000001c SP: 0000270f A: 00000027 B: 00000006 ldc 38
PC: 0000001d SP: 0000270f A: 00000026 B: 00000027 ldnl 0
PC: 0000001e SP: 0000270f A: 00000006 B: 00000027 ldc 39
PC: 0000001f SP: 0000270f A: 00000027 B: 00000006 ldnl 0
PC: 00000020 SP: 0000270f A: 00000006 B: 00000006 br -29
PC: 00000004 SP: 0000270f A: 00000006 B: 00000006 stl 0
PC: 00000005 SP: 0000270f A: 00000006 B: 00000006 ldl 0
PC: 00000006 SP: 0000270f A: 00000006 B: 00000006 sub 0
PC: 00000007 SP: 0000270f A: 00000000 B: 00000006 brz 25
PC: 00000021 SP: 0000270f A: 00000000 B: 00000006 ldc 38
PC: 00000022 SP: 0000270f A: 00000026 B: 00000000 ldnl 0
PC: 00000023 SP: 0000270f A: 00000006 B: 00000000 ldc 40
PC: 00000024 SP: 0000270f A: 00000028 B: 00000006 stnl 0
PC: 00000025 SP: 0000270f A: 00000028 B: 00000006 HALT 0
