00000000 00002600 ldc n1
00000001 00000004 ldnl 0
00000002 00002700 ldc n2
00000003 00000004 ldnl 0
         loop:
00000004 00000003 stl 0
00000005 00000002 ldl 0
00000006 00000007 sub 
00000007 0000190f brz done
00000008 00000c10 brlz n2Greater
         n1Greater:
00000009 00002600 ldc n1
0000000a 00000004 ldnl 0
0000000b 00002700 ldc n2
0000000c 00000004 ldnl 0
0000000d 00000007 sub 
0000000e 00002600 ldc n1
0000000f 00000005 stnl 0
00000010 00002600 ldc n1
00000011 00000004 ldnl 0
00000012 00002700 ldc n2
00000013 00000004 ldnl 0
00000014 ffffef11 br loop
         n2Greater:
00000015 00002700 ldc n2
00000016 00000004 ldnl 0
00000017 00002600 ldc n1
00000018 00000004 ldnl 0
00000019 00000007 sub 
0000001a 00002700 ldc n2
0000001b 00000005 stnl 0
0000001c 00002600 ldc n1
0000001d 00000004 ldnl 0
0000001e 00002700 ldc n2
0000001f 00000004 ldnl 0
00000020 ffffe311 br loop
         done:
00000021 00002600 ldc n1
00000022 00000004 ldnl 0
00000023 00002800 ldc result
00000024 00000005 stnl 0
00000025 00000012 HALT 
         n1:
00000026 00000018 data 24
         n2:
00000027 00000012 data 18
         result:
00000028 00000000 data 0
