00000000 00100000 ldc 0x1000
00000001 0000000b a2sp 
00000002 00000500 ldc 5
00000003 00000003 stl 0
00000004 00000100 ldc 1
00000005 00000103 stl 1
00000006 00000000 ldc 0
00000007 00000203 stl 2
         loop:
00000008 00000102 ldl 1
00000009 00000002 ldl 0
0000000a 00000007 sub 
0000000b 00000110 brlz addnum
0000000c 00000811 br done
         addnum:
0000000d 00000202 ldl 2
0000000e 00000102 ldl 1
0000000f 00000006 add 
00000010 00000203 stl 2
00000011 00000102 ldl 1
00000012 00000101 adc 1
00000013 00000103 stl 1
00000014 fffff311 br loop
         done:
00000015 00000012 HALT 
