
--- EXECUTION TRACE ---

PC: 00000000 SP: 0000270f A: 00000000 B: 00000000 ldc 4096
PC: 00000001 SP: 0000270f A: 00001000 B: 00000000 a2sp 0
PC: 00000002 SP: 00001000 A: 00000000 B: 00000000 ldc 5
PC: 00000003 SP: 00001000 A: 00000005 B: 00000000 stl 0
PC: 00000004 SP: 00001000 A: 00000000 B: 00000000 ldc 1
PC: 00000005 SP: 00001000 A: 00000001 B: 00000000 stl 1
PC: 00000006 SP: 00001000 A: 00000000 B: 00000000 ldc 0
PC: 00000007 SP: 00001000 A: 00000000 B: 00000000 stl 2
PC: 00000008 SP: 00001000 A: 00000000 B: 00000000 ldl 1
PC: 00000009 SP: 00001000 A: 00000001 B: 00000000 ldl 0
PC: 0000000a SP: 00001000 A: 00000005 B: 00000001 sub 0
PC: 0000000b SP: 00001000 A: fffffffc B: 00000001 brlz 1
PC: 0000000d SP: 00001000 A: fffffffc B: 00000001 ldl 2
PC: 0000000e SP: 00001000 A: 00000000 B: fffffffc ldl 1
PC: 0000000f SP: 00001000 A: 00000001 B: 00000000 add 0
PC: 00000010 SP: 00001000 A: 00000001 B: 00000000 stl 2
PC: 00000011 SP: 00001000 A: 00000000 B: 00000000 ldl 1
PC: 00000012 SP: 00001000 A: 00000001 B: 00000000 adc 1
PC: 00000013 SP: 00001000 A: 00000002 B: 00000000 stl 1
PC: 00000014 SP: 00001000 A: 00000000 B: 00000000 br -13
PC: 00000008 SP: 00001000 A: 00000000 B: 00000000 ldl 1
PC: 00000009 SP: 00001000 A: 00000002 B: 00000000 ldl 0
PC: 0000000a SP: 00001000 A: 00000005 B: 00000002 sub 0
PC: 0000000b SP: 00001000 A: fffffffd B: 00000002 brlz 1
PC: 0000000d SP: 00001000 A: fffffffd B: 00000002 ldl 2
PC: 0000000e SP: 00001000 A: 00000001 B: fffffffd ldl 1
PC: 0000000f SP: 00001000 A: 00000002 B: 00000001 add 0
PC: 00000010 SP: 00001000 A: 00000003 B: 00000001 stl 2
PC: 00000011 SP: 00001000 A: 00000001 B: 00000001 ldl 1
PC: 00000012 SP: 00001000 A: 00000002 B: 00000001 adc 1
PC: 00000013 SP: 00001000 A: 00000003 B: 00000001 stl 1
PC: 00000014 SP: 00001000 A: 00000001 B: 00000001 br -13
PC: 00000008 SP: 00001000 A: 00000001 B: 00000001 ldl 1
PC: 00000009 SP: 00001000 A: 00000003 B: 00000001 ldl 0
PC: 0000000a SP: 00001000 A: 00000005 B: 00000003 sub 0
PC: 0000000b SP: 00001000 A: fffffffe B: 00000003 brlz 1
PC: 0000000d SP: 00001000 A: fffffffe B: 00000003 ldl 2
PC: 0000000e SP: 00001000 A: 00000003 B: fffffffe ldl 1
PC: 0000000f SP: 00001000 A: 00000003 B: 00000003 add 0
PC: 00000010 SP: 00001000 A: 00000006 B: 00000003 stl 2
PC: 00000011 SP: 00001000 A: 00000003 B: 00000003 ldl 1
PC: 00000012 SP: 00001000 A: 00000003 B: 00000003 adc 1
PC: 00000013 SP: 00001000 A: 00000004 B: 00000003 stl 1
PC: 00000014 SP: 00001000 A: 00000003 B: 00000003 br -13
PC: 00000008 SP: 00001000 A: 00000003 B: 00000003 ldl 1
PC: 00000009 SP: 00001000 A: 00000004 B: 00000003 ldl 0
PC: 0000000a SP: 00001000 A: 00000005 B: 00000004 sub 0
PC: 0000000b SP: 00001000 A: ffffffff B: 00000004 brlz 1
PC: 0000000d SP: 00001000 A: ffffffff B: 00000004 ldl 2
PC: 0000000e SP: 00001000 A: 00000006 B: ffffffff ldl 1
PC: 0000000f SP: 00001000 A: 00000004 B: 00000006 add 0
PC: 00000010 SP: 00001000 A: 0000000a B: 00000006 stl 2
PC: 00000011 SP: 00001000 A: 00000006 B: 00000006 ldl 1
PC: 00000012 SP: 00001000 A: 00000004 B: 00000006 adc 1
PC: 00000013 SP: 00001000 A: 00000005 B: 00000006 stl 1
PC: 00000014 SP: 00001000 A: 00000006 B: 00000006 br -13
PC: 00000008 SP: 00001000 A: 00000006 B: 00000006 ldl 1
PC: 00000009 SP: 00001000 A: 00000005 B: 00000006 ldl 0
PC: 0000000a SP: 00001000 A: 00000005 B: 00000005 sub 0
PC: 0000000b SP: 00001000 A: 00000000 B: 00000005 brlz 1
PC: 0000000c SP: 00001000 A: 00000000 B: 00000005 br 8
PC: 00000015 SP: 00001000 A: 00000000 B: 00000005 HALT 0
